modules/tabletMediapipe/android/build/intermediates/manifest_merge_blame_file/debug/manifest-merger-blame-debug-report.txt
1<?xml version="1.0" encoding="utf-8"?>
2<!-- suppress ALL -->
3<manifest xmlns:android="http://schemas.android.com/apk/res/android"
4    xmlns:tools="http://schemas.android.com/tools"
5    package="com.example.tablet_mediapipe" >
6
7    <uses-sdk android:minSdkVersion="24" />
8
9    <uses-feature android:name="android.hardware.camera" />
9-->src\main\AndroidManifest.xml:6:5-60
9-->src\main\AndroidManifest.xml:6:19-57
10
11    <uses-permission android:name="android.permission.CAMERA" />
11-->src\main\AndroidManifest.xml:8:5-64
11-->src\main\AndroidManifest.xml:8:22-62
12
13    <application
13-->src\main\AndroidManifest.xml:10:5-28:19
14        android:allowBackup="true"
14-->src\main\AndroidManifest.xml:11:9-35
15        android:icon="@mipmap/ic_launcher"
15-->src\main\AndroidManifest.xml:12:9-43
16        android:label="@string/app_name"
16-->src\main\AndroidManifest.xml:13:9-41
17        android:roundIcon="@mipmap/ic_launcher_round"
17-->src\main\AndroidManifest.xml:14:9-54
18        android:supportsRtl="true"
18-->src\main\AndroidManifest.xml:15:9-35
19        android:taskAffinity=""
19-->src\main\AndroidManifest.xml:16:9-32
20        android:theme="@style/AppTheme"
20-->src\main\AndroidManifest.xml:17:9-40
21        tools:targetApi="31" >
21-->src\main\AndroidManifest.xml:18:9-29
22        <activity
22-->src\main\AndroidManifest.xml:19:9-27:20
23            android:name="com.example.tablet_mediapipe.MainActivity"
23-->src\main\AndroidManifest.xml:20:13-41
24            android:exported="true" >
24-->src\main\AndroidManifest.xml:21:13-36
25            <intent-filter>
25-->src\main\AndroidManifest.xml:22:13-26:29
26                <action android:name="android.intent.action.MAIN" />
26-->src\main\AndroidManifest.xml:23:17-69
26-->src\main\AndroidManifest.xml:23:25-66
27
28                <category android:name="android.intent.category.LAUNCHER" />
28-->src\main\AndroidManifest.xml:25:17-77
28-->src\main\AndroidManifest.xml:25:27-74
29            </intent-filter>
30        </activity>
31    </application>
32
33</manifest>